<?xml version="1.0" encoding="UTF-8"?>
<testng-results ignored="0" total="6" passed="4" failed="2" skipped="0">
  <reporter-output>
  </reporter-output>
  <suite started-at="2024-04-12T10:01:35 IST" name="Suite" finished-at="2024-04-12T10:03:22 IST" duration-ms="107472">
    <groups>
    </groups>
    <test started-at="2024-04-12T10:01:35 IST" name="ChromeTest" finished-at="2024-04-12T10:02:28 IST" duration-ms="52963">
      <class name="testCases.TC_GiftCards">
        <test-method is-config="true" signature="setDriver(java.lang.String,java.lang.String)[pri:0, instance:testCases.TC_GiftCards@477b4cdf]" started-at="2024-04-12T10:01:35 IST" name="setDriver" finished-at="2024-04-12T10:01:41 IST" duration-ms="6451" status="PASS">
          <params>
            <param index="0">
              <value>
                <![CDATA[chrome]]>
              </value>
            </param>
            <param index="1">
              <value>
                <![CDATA[https://www.urbanladder.com/]]>
              </value>
            </param>
          </params>
          <reporter-output>
          </reporter-output>
        </test-method> <!-- setDriver -->
        <test-method signature="go_to_the_gift_cards_page()[pri:0, instance:testCases.TC_GiftCards@477b4cdf]" started-at="2024-04-12T10:01:41 IST" name="go_to_the_gift_cards_page" finished-at="2024-04-12T10:02:22 IST" duration-ms="41367" status="PASS">
          <reporter-output>
          </reporter-output>
        </test-method> <!-- go_to_the_gift_cards_page -->
        <test-method signature="click_the_birthday_or_anniversary_card()[pri:1, instance:testCases.TC_GiftCards@477b4cdf]" started-at="2024-04-12T10:02:22 IST" name="click_the_birthday_or_anniversary_card" finished-at="2024-04-12T10:02:25 IST" duration-ms="2308" status="PASS">
          <reporter-output>
          </reporter-output>
        </test-method> <!-- click_the_birthday_or_anniversary_card -->
        <test-method signature="fill_customize_your_gift_card_with_valid_price_date_and_click_next_button()[pri:2, instance:testCases.TC_GiftCards@477b4cdf]" started-at="2024-04-12T10:02:25 IST" name="fill_customize_your_gift_card_with_valid_price_date_and_click_next_button" finished-at="2024-04-12T10:02:25 IST" duration-ms="3" status="FAIL">
          <exception class="java.io.FileNotFoundException">
            <message>
              <![CDATA[C:\Users\2318452\eclipse-workspace\Hackathon_TestNG\src\test\resources\wanted.properties (The system cannot find the file specified)]]>
            </message>
            <full-stacktrace>
              <![CDATA[java.io.FileNotFoundException: C:\Users\2318452\eclipse-workspace\Hackathon_TestNG\src\test\resources\wanted.properties (The system cannot find the file specified)
at java.base/java.io.FileInputStream.open0(Native Method)
at java.base/java.io.FileInputStream.open(FileInputStream.java:216)
at java.base/java.io.FileInputStream.<init>(FileInputStream.java:157)
at java.base/java.io.FileInputStream.<init>(FileInputStream.java:111)
at java.base/java.io.FileReader.<init>(FileReader.java:60)
at baseClass.BaseClass.getProperties(BaseClass.java:75)
at testCases.TC_GiftCards.fill_customize_your_gift_card_with_valid_price_date_and_click_next_button(TC_GiftCards.java:44)
at java.base/jdk.internal.reflect.NativeMethodAccessorImpl.invoke0(Native Method)
at java.base/jdk.internal.reflect.NativeMethodAccessorImpl.invoke(NativeMethodAccessorImpl.java:77)
at java.base/jdk.internal.reflect.DelegatingMethodAccessorImpl.invoke(DelegatingMethodAccessorImpl.java:43)
at java.base/java.lang.reflect.Method.invoke(Method.java:568)
at org.testng.internal.invokers.MethodInvocationHelper.invokeMethod(MethodInvocationHelper.java:139)
at org.testng.internal.invokers.TestInvoker.invokeMethod(TestInvoker.java:677)
at org.testng.internal.invokers.TestInvoker.invokeTestMethod(TestInvoker.java:221)
at org.testng.internal.invokers.MethodRunner.runInSequence(MethodRunner.java:50)
at org.testng.internal.invokers.TestInvoker$MethodInvocationAgent.invoke(TestInvoker.java:962)
at org.testng.internal.invokers.TestInvoker.invokeTestMethods(TestInvoker.java:194)
at org.testng.internal.invokers.TestMethodWorker.invokeTestMethods(TestMethodWorker.java:148)
at org.testng.internal.invokers.TestMethodWorker.run(TestMethodWorker.java:128)
at java.base/java.util.ArrayList.forEach(ArrayList.java:1511)
at org.testng.TestRunner.privateRun(TestRunner.java:806)
at org.testng.TestRunner.run(TestRunner.java:601)
at org.testng.SuiteRunner.runTest(SuiteRunner.java:433)
at org.testng.SuiteRunner.runSequentially(SuiteRunner.java:427)
at org.testng.SuiteRunner.privateRun(SuiteRunner.java:387)
at org.testng.SuiteRunner.run(SuiteRunner.java:330)
at org.testng.SuiteRunnerWorker.runSuite(SuiteRunnerWorker.java:52)
at org.testng.SuiteRunnerWorker.run(SuiteRunnerWorker.java:95)
at org.testng.TestNG.runSuitesSequentially(TestNG.java:1256)
at org.testng.TestNG.runSuitesLocally(TestNG.java:1176)
at org.testng.TestNG.runSuites(TestNG.java:1099)
at org.testng.TestNG.run(TestNG.java:1067)
at org.testng.remote.AbstractRemoteTestNG.run(AbstractRemoteTestNG.java:115)
at org.testng.remote.RemoteTestNG.initAndRun(RemoteTestNG.java:251)
at org.testng.remote.RemoteTestNG.main(RemoteTestNG.java:77)
]]>
            </full-stacktrace>
          </exception> <!-- java.io.FileNotFoundException -->
          <reporter-output>
          </reporter-output>
        </test-method> <!-- fill_customize_your_gift_card_with_valid_price_date_and_click_next_button -->
        <test-method is-config="true" signature="closeBrowser()[pri:0, instance:testCases.TC_GiftCards@477b4cdf]" started-at="2024-04-12T10:02:25 IST" name="closeBrowser" finished-at="2024-04-12T10:02:28 IST" duration-ms="2787" status="PASS">
          <reporter-output>
          </reporter-output>
        </test-method> <!-- closeBrowser -->
      </class> <!-- testCases.TC_GiftCards -->
    </test> <!-- ChromeTest -->
    <test started-at="2024-04-12T10:02:28 IST" name="EdgeTest" finished-at="2024-04-12T10:03:22 IST" duration-ms="54477">
      <class name="testCases.TC_GiftCards">
        <test-method is-config="true" signature="setDriver(java.lang.String,java.lang.String)[pri:0, instance:testCases.TC_GiftCards@70325e14]" started-at="2024-04-12T10:02:28 IST" name="setDriver" finished-at="2024-04-12T10:02:35 IST" duration-ms="7272" status="PASS">
          <params>
            <param index="0">
              <value>
                <![CDATA[edge]]>
              </value>
            </param>
            <param index="1">
              <value>
                <![CDATA[https://www.urbanladder.com/]]>
              </value>
            </param>
          </params>
          <reporter-output>
          </reporter-output>
        </test-method> <!-- setDriver -->
        <test-method signature="go_to_the_gift_cards_page()[pri:0, instance:testCases.TC_GiftCards@70325e14]" started-at="2024-04-12T10:02:35 IST" name="go_to_the_gift_cards_page" finished-at="2024-04-12T10:03:16 IST" duration-ms="41222" status="PASS">
          <reporter-output>
          </reporter-output>
        </test-method> <!-- go_to_the_gift_cards_page -->
        <test-method signature="click_the_birthday_or_anniversary_card()[pri:1, instance:testCases.TC_GiftCards@70325e14]" started-at="2024-04-12T10:03:16 IST" name="click_the_birthday_or_anniversary_card" finished-at="2024-04-12T10:03:18 IST" duration-ms="2341" status="PASS">
          <reporter-output>
          </reporter-output>
        </test-method> <!-- click_the_birthday_or_anniversary_card -->
        <test-method signature="fill_customize_your_gift_card_with_valid_price_date_and_click_next_button()[pri:2, instance:testCases.TC_GiftCards@70325e14]" started-at="2024-04-12T10:03:18 IST" name="fill_customize_your_gift_card_with_valid_price_date_and_click_next_button" finished-at="2024-04-12T10:03:18 IST" duration-ms="2" status="FAIL">
          <exception class="java.io.FileNotFoundException">
            <message>
              <![CDATA[C:\Users\2318452\eclipse-workspace\Hackathon_TestNG\src\test\resources\wanted.properties (The system cannot find the file specified)]]>
            </message>
            <full-stacktrace>
              <![CDATA[java.io.FileNotFoundException: C:\Users\2318452\eclipse-workspace\Hackathon_TestNG\src\test\resources\wanted.properties (The system cannot find the file specified)
at java.base/java.io.FileInputStream.open0(Native Method)
at java.base/java.io.FileInputStream.open(FileInputStream.java:216)
at java.base/java.io.FileInputStream.<init>(FileInputStream.java:157)
at java.base/java.io.FileInputStream.<init>(FileInputStream.java:111)
at java.base/java.io.FileReader.<init>(FileReader.java:60)
at baseClass.BaseClass.getProperties(BaseClass.java:75)
at testCases.TC_GiftCards.fill_customize_your_gift_card_with_valid_price_date_and_click_next_button(TC_GiftCards.java:44)
at java.base/jdk.internal.reflect.NativeMethodAccessorImpl.invoke0(Native Method)
at java.base/jdk.internal.reflect.NativeMethodAccessorImpl.invoke(NativeMethodAccessorImpl.java:77)
at java.base/jdk.internal.reflect.DelegatingMethodAccessorImpl.invoke(DelegatingMethodAccessorImpl.java:43)
at java.base/java.lang.reflect.Method.invoke(Method.java:568)
at org.testng.internal.invokers.MethodInvocationHelper.invokeMethod(MethodInvocationHelper.java:139)
at org.testng.internal.invokers.TestInvoker.invokeMethod(TestInvoker.java:677)
at org.testng.internal.invokers.TestInvoker.invokeTestMethod(TestInvoker.java:221)
at org.testng.internal.invokers.MethodRunner.runInSequence(MethodRunner.java:50)
at org.testng.internal.invokers.TestInvoker$MethodInvocationAgent.invoke(TestInvoker.java:962)
at org.testng.internal.invokers.TestInvoker.invokeTestMethods(TestInvoker.java:194)
at org.testng.internal.invokers.TestMethodWorker.invokeTestMethods(TestMethodWorker.java:148)
at org.testng.internal.invokers.TestMethodWorker.run(TestMethodWorker.java:128)
at java.base/java.util.ArrayList.forEach(ArrayList.java:1511)
at org.testng.TestRunner.privateRun(TestRunner.java:806)
at org.testng.TestRunner.run(TestRunner.java:601)
at org.testng.SuiteRunner.runTest(SuiteRunner.java:433)
at org.testng.SuiteRunner.runSequentially(SuiteRunner.java:427)
at org.testng.SuiteRunner.privateRun(SuiteRunner.java:387)
at org.testng.SuiteRunner.run(SuiteRunner.java:330)
at org.testng.SuiteRunnerWorker.runSuite(SuiteRunnerWorker.java:52)
at org.testng.SuiteRunnerWorker.run(SuiteRunnerWorker.java:95)
at org.testng.TestNG.runSuitesSequentially(TestNG.java:1256)
at org.testng.TestNG.runSuitesLocally(TestNG.java:1176)
at org.testng.TestNG.runSuites(TestNG.java:1099)
at org.testng.TestNG.run(TestNG.java:1067)
at org.testng.remote.AbstractRemoteTestNG.run(AbstractRemoteTestNG.java:115)
at org.testng.remote.RemoteTestNG.initAndRun(RemoteTestNG.java:251)
at org.testng.remote.RemoteTestNG.main(RemoteTestNG.java:77)
]]>
            </full-stacktrace>
          </exception> <!-- java.io.FileNotFoundException -->
          <reporter-output>
          </reporter-output>
        </test-method> <!-- fill_customize_your_gift_card_with_valid_price_date_and_click_next_button -->
        <test-method is-config="true" signature="closeBrowser()[pri:0, instance:testCases.TC_GiftCards@70325e14]" started-at="2024-04-12T10:03:18 IST" name="closeBrowser" finished-at="2024-04-12T10:03:22 IST" duration-ms="3631" status="PASS">
          <reporter-output>
          </reporter-output>
        </test-method> <!-- closeBrowser -->
      </class> <!-- testCases.TC_GiftCards -->
    </test> <!-- EdgeTest -->
  </suite> <!-- Suite -->
</testng-results>
